<?xml version="1.0" encoding="UTF-8"?>
<testsuite xmlns:xsi="http://www.w3.org/2001/XMLSchema-instance" xsi:noNamespaceSchemaLocation="https://maven.apache.org/surefire/maven-surefire-plugin/xsd/surefire-test-report-3.0.xsd" version="3.0" name="com.microservice.personservice.PersonserviceApplicationTests" time="6.922" tests="1" errors="0" skipped="0" failures="0">
  <properties>
[...]
</properties>
  <testcase name="contextLoads" classname="com.microservice.personservice.PersonserviceApplicationTests" time="0.995">
    <system-out><![CDATA[09:51:02.663 [main] INFO org.springframework.test.context.support.AnnotationConfigContextLoaderUtils -- Could not detect default configuration classes for test class [com.microservice.personservice.PersonserviceApplicationTests]: PersonserviceApplicationTests does not declare any static, non-private, non-final, nested classes annotated with @Configuration.
09:51:02.793 [main] INFO org.springframework.boot.test.context.SpringBootTestContextBootstrapper -- Found @SpringBootConfiguration com.microservice.personservice.PersonserviceApplication for test class com.microservice.personservice.PersonserviceApplicationTests

  .   ____          _            __ _ _
 /\\ / ___'_ __ _ _(_)_ __  __ _ \ \ \ \
( ( )\___ | '_ | '_| | '_ \/ _` | \ \ \ \
 \\/  ___)| |_)| | | | | || (_| |  ) ) ) )
  '  |____| .__|_| |_|_| |_\__, | / / / /
 =========|_|==============|___/=/_/_/_/
 :: Spring Boot ::                (v3.1.4)

2023-10-19T09:51:04.346+05:30  INFO 10889 --- [           main] c.m.p.PersonserviceApplicationTests      : Starting PersonserviceApplicationTests using Java 17.0.6 with PID 10889 (started by qb-shahidk in /home/qb-shahidk/Downloads/Springboot programmes/micro-service/personservice)
2023-10-19T09:51:04.349+05:30  INFO 10889 --- [           main] c.m.p.PersonserviceApplicationTests      : No active profile set, falling back to 1 default profile: "default"
2023-10-19T09:51:04.431+05:30  INFO 10889 --- [           main] o.s.c.c.c.ConfigServerConfigDataLoader   : Fetching config from server at : http://localhost:8200
2023-10-19T09:51:04.432+05:30  INFO 10889 --- [           main] o.s.c.c.c.ConfigServerConfigDataLoader   : Located environment: name=personservice, profiles=[default], label=null, version=null, state=null
2023-10-19T09:51:06.152+05:30  INFO 10889 --- [           main] o.s.cloud.context.scope.GenericScope     : BeanFactory id=e31d6db0-e3d5-3e5b-a87c-0e08b2ac677b
2023-10-19T09:51:07.499+05:30  INFO 10889 --- [           main] DiscoveryClientOptionalArgsConfiguration : Eureka HTTP Client uses RestTemplate.
2023-10-19T09:51:07.581+05:30  WARN 10889 --- [           main] iguration$LoadBalancerCaffeineWarnLogger : Spring Cloud LoadBalancer is currently working with the default cache. While this cache implementation is useful for development and tests, it's recommended to use Caffeine cache in production.You can switch to using Caffeine cache, by adding it and org.springframework.cache.caffeine.CaffeineCacheManager to the classpath.
2023-10-19T09:51:07.597+05:30  INFO 10889 --- [           main] o.s.b.a.e.web.EndpointLinksResolver      : Exposing 1 endpoint(s) beneath base path '/actuator'
2023-10-19T09:51:07.684+05:30  INFO 10889 --- [           main] o.s.c.n.eureka.InstanceInfoFactory       : Setting initial instance status as: STARTING
2023-10-19T09:51:07.806+05:30  INFO 10889 --- [           main] com.netflix.discovery.DiscoveryClient    : Initializing Eureka in region us-east-1
2023-10-19T09:51:07.814+05:30  INFO 10889 --- [           main] c.n.d.s.r.aws.ConfigClusterResolver      : Resolving eureka endpoints via configuration
2023-10-19T09:51:07.844+05:30  INFO 10889 --- [           main] com.netflix.discovery.DiscoveryClient    : Disable delta property : false
2023-10-19T09:51:07.844+05:30  INFO 10889 --- [           main] com.netflix.discovery.DiscoveryClient    : Single vip registry refresh property : null
2023-10-19T09:51:07.844+05:30  INFO 10889 --- [           main] com.netflix.discovery.DiscoveryClient    : Force full registry fetch : false
2023-10-19T09:51:07.844+05:30  INFO 10889 --- [           main] com.netflix.discovery.DiscoveryClient    : Application is null : false
2023-10-19T09:51:07.845+05:30  INFO 10889 --- [           main] com.netflix.discovery.DiscoveryClient    : Registered Applications size is zero : true
2023-10-19T09:51:07.845+05:30  INFO 10889 --- [           main] com.netflix.discovery.DiscoveryClient    : Application version is -1: true
2023-10-19T09:51:07.845+05:30  INFO 10889 --- [           main] com.netflix.discovery.DiscoveryClient    : Getting all instance registry info from the eureka server
2023-10-19T09:51:08.279+05:30  INFO 10889 --- [           main] com.netflix.discovery.DiscoveryClient    : The response status is 200
2023-10-19T09:51:08.282+05:30  INFO 10889 --- [           main] com.netflix.discovery.DiscoveryClient    : Starting heartbeat executor: renew interval is: 30
2023-10-19T09:51:08.286+05:30  INFO 10889 --- [           main] c.n.discovery.InstanceInfoReplicator     : InstanceInfoReplicator onDemand update allowed rate per min is 4
2023-10-19T09:51:08.292+05:30  INFO 10889 --- [           main] com.netflix.discovery.DiscoveryClient    : Discovery Client initialized at timestamp 1697689268292 with initial instances count: 1
2023-10-19T09:51:08.295+05:30  INFO 10889 --- [           main] o.s.c.n.e.s.EurekaServiceRegistry        : Registering application PERSONSERVICE with eureka with status UP
2023-10-19T09:51:08.296+05:30  INFO 10889 --- [           main] com.netflix.discovery.DiscoveryClient    : Saw local status change event StatusChangeEvent [timestamp=1697689268296, current=UP, previous=STARTING]
2023-10-19T09:51:08.298+05:30  INFO 10889 --- [nfoReplicator-0] com.netflix.discovery.DiscoveryClient    : DiscoveryClient_PERSONSERVICE/192.168.1.75:personservice:8300: registering service...
2023-10-19T09:51:08.334+05:30  INFO 10889 --- [           main] c.m.p.PersonserviceApplicationTests      : Started PersonserviceApplicationTests in 5.363 seconds (process running for 6.726)
2023-10-19T09:51:08.360+05:30  INFO 10889 --- [nfoReplicator-0] com.netflix.discovery.DiscoveryClient    : DiscoveryClient_PERSONSERVICE/192.168.1.75:personservice:8300 - registration status: 204
]]></system-out>
  </testcase>
</testsuite>