<?xml version="1.0" encoding="UTF-8"?>
<testsuite xmlns:xsi="http://www.w3.org/2001/XMLSchema-instance" xsi:noNamespaceSchemaLocation="https://maven.apache.org/surefire/maven-surefire-plugin/xsd/surefire-test-report-3.0.xsd" version="3.0" name="com.microservice.configserver.ConfigserverApplicationTests" time="5.603" tests="1" errors="0" skipped="0" failures="0">
  <properties>
[...]
</properties>
  <testcase name="contextLoads" classname="com.microservice.configserver.ConfigserverApplicationTests" time="1.402">
    <system-out><![CDATA[09:47:58.900 [main] INFO org.springframework.test.context.support.AnnotationConfigContextLoaderUtils -- Could not detect default configuration classes for test class [com.microservice.configserver.ConfigserverApplicationTests]: ConfigserverApplicationTests does not declare any static, non-private, non-final, nested classes annotated with @Configuration.
09:47:59.029 [main] INFO org.springframework.boot.test.context.SpringBootTestContextBootstrapper -- Found @SpringBootConfiguration com.microservice.configserver.ConfigserverApplication for test class com.microservice.configserver.ConfigserverApplicationTests

  .   ____          _            __ _ _
 /\\ / ___'_ __ _ _(_)_ __  __ _ \ \ \ \
( ( )\___ | '_ | '_| | '_ \/ _` | \ \ \ \
 \\/  ___)| |_)| | | | | || (_| |  ) ) ) )
  '  |____| .__|_| |_|_| |_\__, | / / / /
 =========|_|==============|___/=/_/_/_/
 :: Spring Boot ::                (v3.1.4)

2023-10-19T09:47:59.926+05:30  INFO 10112 --- [           main] c.m.c.ConfigserverApplicationTests       : Starting ConfigserverApplicationTests using Java 17.0.6 with PID 10112 (started by qb-shahidk in /home/qb-shahidk/Downloads/Springboot programmes/micro-service/configserver)
2023-10-19T09:47:59.929+05:30  INFO 10112 --- [           main] c.m.c.ConfigserverApplicationTests       : The following 1 profile is active: "native"
2023-10-19T09:48:01.511+05:30  INFO 10112 --- [           main] o.s.cloud.context.scope.GenericScope     : BeanFactory id=bc22d5bc-74bc-3ed8-80fe-49f4ed768aa1
2023-10-19T09:48:02.861+05:30  INFO 10112 --- [           main] c.m.c.ConfigserverApplicationTests       : Started ConfigserverApplicationTests in 3.632 seconds (process running for 5.035)
]]></system-out>
  </testcase>
</testsuite>